<?xml version="1.0" encoding="UTF-8"?>
<!-- Generated by org.testng.reporters.JUnitReportReporter -->
<testsuite hostname="SivaRajeshValluri" failures="0" tests="3" name="phptravels.Loginpage" time="9.613" errors="0" timestamp="2021-10-12T06:27:45 IST" skipped="0">
  <testcase classname="phptravels.Loginpage" name="openurl" time="5.681"/>
  <system-out/>
  <testcase classname="phptravels.Loginpage" name="clicklogin" time="0.651"/>
  <system-out/>
  <testcase classname="phptravels.Loginpage" name="enterlogindetails" time="3.281"/>
  <system-out/>
</testsuite> <!-- phptravels.Loginpage -->
