<?xml version="1.0" encoding="UTF-8"?>
<!-- Generated by org.testng.reporters.JUnitReportReporter -->
<testsuite hostname="SivaRajeshValluri" failures="0" tests="3" name="phptravels.Runner" time="9.130" errors="0" timestamp="2021-10-12T07:35:49 IST" skipped="0">
  <testcase classname="phptravels.Runner" name="openurl" time="5.458"/>
  <system-out/>
  <testcase classname="phptravels.Runner" name="clicklogin" time="0.680"/>
  <system-out/>
  <testcase classname="phptravels.Runner" name="enterlogindetails" time="2.992"/>
  <system-out/>
</testsuite> <!-- phptravels.Runner -->
